<?xml version="1.0" encoding="UTF-8"?>
<!-- Generated by org.testng.reporters.JUnitReportReporter -->
<testsuite hostname="DESKTOP-OR6VU5V" name="LocatorasDemo.FindElementByID" tests="1" failures="0" timestamp="10 Jul 2020 12:49:27 GMT" time="15.804" errors="0">
  <testcase name="findElementById" time="15.804" classname="LocatorasDemo.FindElementByID"/>
</testsuite> <!-- LocatorasDemo.FindElementByID -->
