<?xml version="1.0" encoding="UTF-8"?>
<!-- Generated by org.testng.reporters.JUnitReportReporter -->
<testsuite hostname="DESKTOP-OR6VU5V" name="LocatorasDemo.FindElementsByLinks" tests="1" failures="0" timestamp="9 Jul 2020 13:40:51 GMT" time="140.027" errors="0">
  <testcase name="findElementById" time="140.027" classname="LocatorasDemo.FindElementsByLinks"/>
</testsuite> <!-- LocatorasDemo.FindElementsByLinks -->
