<?xml version="1.0" encoding="UTF-8"?>
<!-- Generated by org.testng.reporters.JUnitReportReporter -->
<testsuite hostname="DESKTOP-OR6VU5V" name="LocatorasDemo.TagLinkCount" tests="1" failures="0" timestamp="9 Jul 2020 12:10:49 GMT" time="58.561" errors="0">
  <testcase name="findElementByTagName" time="58.561" classname="LocatorasDemo.TagLinkCount"/>
</testsuite> <!-- LocatorasDemo.TagLinkCount -->
